<?xml version="1.0" encoding="utf-8"?><testsuites name="pytest tests"><testsuite name="pytest" errors="0" failures="0" skipped="0" tests="14" time="5.996" timestamp="2026-01-23T17:57:23.104631+00:00" hostname="agent-env-2d17dfc7-9331-4d29-ae07-9fdea6f671d6"><testcase classname="tests.test_stock_detail_api.TestStockPriceAPI" name="test_get_reliance_price" time="0.486" /><testcase classname="tests.test_stock_detail_api.TestStockPriceAPI" name="test_get_tcs_price" time="0.100" /><testcase classname="tests.test_stock_detail_api.TestStockPriceAPI" name="test_get_infy_price" time="0.103" /><testcase classname="tests.test_stock_detail_api.TestStockPriceAPI" name="test_invalid_symbol_returns_error" time="1.273" /><testcase classname="tests.test_stock_detail_api.TestStockHistoryAPI" name="test_reliance_history_1m" time="0.209" /><testcase classname="tests.test_stock_detail_api.TestStockHistoryAPI" name="test_tcs_history_1w" time="0.150" /><testcase classname="tests.test_stock_detail_api.TestStockHistoryAPI" name="test_infy_history_3m" time="0.222" /><testcase classname="tests.test_stock_detail_api.TestStockHistoryAPI" name="test_reliance_history_1y" time="0.225" /><testcase classname="tests.test_stock_detail_api.TestTechnicalAnalysisAPI" name="test_reliance_technical_scan" time="0.382" /><testcase classname="tests.test_stock_detail_api.TestTechnicalAnalysisAPI" name="test_tcs_technical_scan" time="0.425" /><testcase classname="tests.test_stock_detail_api.TestTechnicalAnalysisAPI" name="test_infy_technical_scan" time="0.479" /><testcase classname="tests.test_stock_detail_api.TestWatchlistAPI" name="test_check_watchlist_status" time="0.447" /><testcase classname="tests.test_stock_detail_api.TestWatchlistAPI" name="test_add_to_watchlist" time="1.046" /><testcase classname="tests.test_stock_detail_api.TestWatchlistAPI" name="test_remove_from_watchlist" time="0.359" /></testsuite></testsuites>