<?xml version="1.0" encoding="utf-8"?><testsuites name="pytest tests"><testsuite name="pytest" errors="0" failures="1" skipped="0" tests="21" time="81.116" timestamp="2026-01-23T16:27:29.296324+00:00" hostname="agent-env-5182b5ba-17a3-4f63-9701-9392c1612e38"><testcase classname="backend.tests.test_watchlist_screener.TestWatchlistAPI" name="test_get_watchlist_success" time="1.971" /><testcase classname="backend.tests.test_watchlist_screener.TestWatchlistAPI" name="test_get_watchlist_with_live_prices" time="0.794" /><testcase classname="backend.tests.test_watchlist_screener.TestWatchlistAPI" name="test_add_stock_to_watchlist" time="1.140" /><testcase classname="backend.tests.test_watchlist_screener.TestWatchlistAPI" name="test_add_duplicate_stock_returns_already_exists" time="1.566" /><testcase classname="backend.tests.test_watchlist_screener.TestWatchlistAPI" name="test_add_invalid_stock_returns_404" time="2.409" /><testcase classname="backend.tests.test_watchlist_screener.TestWatchlistAPI" name="test_remove_stock_from_watchlist" time="1.489" /><testcase classname="backend.tests.test_watchlist_screener.TestWatchlistAPI" name="test_check_stock_in_watchlist" time="0.829" /><testcase classname="backend.tests.test_watchlist_screener.TestWatchlistAPI" name="test_invalid_user_id_format_returns_500" time="0.391"><failure message="assert 520 == 500&#10; +  where 520 = &lt;Response [520]&gt;.status_code">backend/tests/test_watchlist_screener.py:130: in test_invalid_user_id_format_returns_500
    assert response.status_code == 500
E   assert 520 == 500
E    +  where 520 = &lt;Response [520]&gt;.status_code</failure></testcase><testcase classname="backend.tests.test_watchlist_screener.TestScreenerCategoriesAPI" name="test_get_categories_returns_11_categories" time="0.046" /><testcase classname="backend.tests.test_watchlist_screener.TestScreenerCategoriesAPI" name="test_get_categories_returns_61_scanners" time="0.037" /><testcase classname="backend.tests.test_watchlist_screener.TestScreenerCategoriesAPI" name="test_categories_have_expected_names" time="0.038" /><testcase classname="backend.tests.test_watchlist_screener.TestScreenerCategoriesAPI" name="test_each_category_has_scanners" time="0.041" /><testcase classname="backend.tests.test_watchlist_screener.TestScreenerCategoriesAPI" name="test_get_all_scanners_flat_list" time="0.039" /><testcase classname="backend.tests.test_watchlist_screener.TestAISwingCandidatesAPI" name="test_swing_candidates_returns_success" time="5.767" /><testcase classname="backend.tests.test_watchlist_screener.TestAISwingCandidatesAPI" name="test_swing_candidates_returns_stock_data" time="0.064" /><testcase classname="backend.tests.test_watchlist_screener.TestAISwingCandidatesAPI" name="test_swing_candidates_has_price_and_rsi" time="0.045" /><testcase classname="backend.tests.test_watchlist_screener.TestBatchScanAPI" name="test_batch_scan_trend_scanner" time="0.908" /><testcase classname="backend.tests.test_watchlist_screener.TestBatchScanAPI" name="test_batch_scan_breakout_scanner" time="57.089" /><testcase classname="backend.tests.test_watchlist_screener.TestBasicScannerAPI" name="test_scanner_0_ai_swing" time="4.647" /><testcase classname="backend.tests.test_watchlist_screener.TestBasicScannerAPI" name="test_scanner_2_top_gainers" time="0.052" /><testcase classname="backend.tests.test_watchlist_screener.TestBasicScannerAPI" name="test_scanner_5_52w_high" time="1.634" /></testsuite></testsuites>