<?xml version="1.0" encoding="utf-8"?><testsuites name="pytest tests"><testsuite name="pytest" errors="0" failures="0" skipped="0" tests="33" time="151.015" timestamp="2026-01-23T15:53:58.335351+00:00" hostname="agent-env-5182b5ba-17a3-4f63-9701-9392c1612e38"><testcase classname="backend.tests.test_pkscreener_api.TestPKScreenerCategories" name="test_categories_endpoint_returns_200" time="0.072" /><testcase classname="backend.tests.test_pkscreener_api.TestPKScreenerCategories" name="test_categories_returns_success" time="0.041" /><testcase classname="backend.tests.test_pkscreener_api.TestPKScreenerCategories" name="test_categories_has_expected_categories" time="0.039" /><testcase classname="backend.tests.test_pkscreener_api.TestPKScreenerCategories" name="test_categories_has_scanners" time="0.036" /><testcase classname="backend.tests.test_pkscreener_api.TestRSIOversoldScanner" name="test_rsi_oversold_returns_200" time="5.116" /><testcase classname="backend.tests.test_pkscreener_api.TestRSIOversoldScanner" name="test_rsi_oversold_returns_success" time="3.448" /><testcase classname="backend.tests.test_pkscreener_api.TestRSIOversoldScanner" name="test_rsi_oversold_returns_results" time="3.492" /><testcase classname="backend.tests.test_pkscreener_api.TestRSIOversoldScanner" name="test_rsi_oversold_stocks_have_low_rsi" time="3.846" /><testcase classname="backend.tests.test_pkscreener_api.TestSwingCandidates" name="test_swing_candidates_returns_200" time="56.113" /><testcase classname="backend.tests.test_pkscreener_api.TestSwingCandidates" name="test_swing_candidates_returns_success" time="0.068" /><testcase classname="backend.tests.test_pkscreener_api.TestSwingCandidates" name="test_swing_candidates_returns_results" time="0.045" /><testcase classname="backend.tests.test_pkscreener_api.TestSwingCandidates" name="test_swing_candidates_have_required_fields" time="0.037" /><testcase classname="backend.tests.test_pkscreener_api.TestMarketRegime" name="test_market_regime_returns_200" time="0.143" /><testcase classname="backend.tests.test_pkscreener_api.TestMarketRegime" name="test_market_regime_returns_success" time="0.072" /><testcase classname="backend.tests.test_pkscreener_api.TestMarketRegime" name="test_market_regime_has_regime_field" time="0.072" /><testcase classname="backend.tests.test_pkscreener_api.TestMarketRegime" name="test_market_regime_has_indicators" time="0.107" /><testcase classname="backend.tests.test_pkscreener_api.TestNiftyPrediction" name="test_nifty_prediction_returns_200" time="0.150" /><testcase classname="backend.tests.test_pkscreener_api.TestNiftyPrediction" name="test_nifty_prediction_returns_success" time="0.067" /><testcase classname="backend.tests.test_pkscreener_api.TestNiftyPrediction" name="test_nifty_prediction_has_prediction" time="0.071" /><testcase classname="backend.tests.test_pkscreener_api.TestNiftyPrediction" name="test_nifty_prediction_has_current_level" time="0.065" /><testcase classname="backend.tests.test_pkscreener_api.TestTrendAnalysis" name="test_trend_analysis_returns_200" time="0.037" /><testcase classname="backend.tests.test_pkscreener_api.TestTrendAnalysis" name="test_trend_analysis_returns_success" time="0.035" /><testcase classname="backend.tests.test_pkscreener_api.TestTrendAnalysis" name="test_trend_analysis_has_summary" time="0.045" /><testcase classname="backend.tests.test_pkscreener_api.TestTrendAnalysis" name="test_trend_analysis_has_categorized_stocks" time="0.034" /><testcase classname="backend.tests.test_pkscreener_api.TestBatchScan" name="test_batch_scan_returns_200" time="4.344" /><testcase classname="backend.tests.test_pkscreener_api.TestBatchScan" name="test_batch_scan_returns_success" time="3.755" /><testcase classname="backend.tests.test_pkscreener_api.TestBatchScan" name="test_batch_scan_returns_results" time="3.371" /><testcase classname="backend.tests.test_pkscreener_api.TestSingleStockScan" name="test_single_scan_returns_200" time="0.389" /><testcase classname="backend.tests.test_pkscreener_api.TestSingleStockScan" name="test_single_scan_returns_success" time="0.162" /><testcase classname="backend.tests.test_pkscreener_api.TestSingleStockScan" name="test_single_scan_returns_result" time="0.127" /><testcase classname="backend.tests.test_pkscreener_api.TestOtherScanners" name="test_strong_buy_scanner" time="3.480" /><testcase classname="backend.tests.test_pkscreener_api.TestOtherScanners" name="test_macd_crossover_scanner" time="46.163" /><testcase classname="backend.tests.test_pkscreener_api.TestOtherScanners" name="test_consolidating_scanner" time="15.876" /></testsuite></testsuites>